<?xml version="1.0" encoding="UTF-8"?>
<testsuite xmlns:xsi="http://www.w3.org/2001/XMLSchema-instance" xsi:noNamespaceSchemaLocation="https://maven.apache.org/surefire/maven-surefire-plugin/xsd/surefire-test-report.xsd" name="com.parkinglot.AppServices.TicketServiceTest" time="0.027" tests="13" errors="0" skipped="0" failures="0">
  <properties>
[...]
</properties>
  <testcase name="integrationTest" classname="com.parkinglot.AppServices.TicketServiceTest" time="0.004"/>
  <testcase name="issueParkingTicketWithValidVehicle" classname="com.parkinglot.AppServices.TicketServiceTest" time="0"/>
  <testcase name="issueParkingTicketWithNullVehicle" classname="com.parkinglot.AppServices.TicketServiceTest" time="0.001"/>
  <testcase name="exitVehicleWithValidRegistrationNumber" classname="com.parkinglot.AppServices.TicketServiceTest" time="0"/>
  <testcase name="exitVehicleWithInvalidSlotNumber" classname="com.parkinglot.AppServices.TicketServiceTest" time="0"/>
  <testcase name="getRegistrationNumbersFromColor" classname="com.parkinglot.AppServices.TicketServiceTest" time="0"/>
  <testcase name="getRegistrationNumbersFromNullColor" classname="com.parkinglot.AppServices.TicketServiceTest" time="0"/>
  <testcase name="getSlotNumberFromRegistrationNumberWithValidRegistrationNumber" classname="com.parkinglot.AppServices.TicketServiceTest" time="0"/>
  <testcase name="getSlotNumberFromRegistrationNumberWithInvalidRegistrationNumber" classname="com.parkinglot.AppServices.TicketServiceTest" time="0"/>
  <testcase name="getSlotNumberFromRegistrationNumberWithNullRegistrationNumber" classname="com.parkinglot.AppServices.TicketServiceTest" time="0"/>
  <testcase name="getSlotNumbersFromColor" classname="com.parkinglot.AppServices.TicketServiceTest" time="0"/>
  <testcase name="getSlotNumbersFromNullColor" classname="com.parkinglot.AppServices.TicketServiceTest" time="0"/>
  <testcase name="getStatus" classname="com.parkinglot.AppServices.TicketServiceTest" time="0.001"/>
</testsuite>